<?xml version="1.0" encoding="UTF-8"?>
<testsuite name="test.AppTest" tests="1" skipped="0" failures="0" errors="0" timestamp="2020-11-25T09:07:09" hostname="parssa-erazerx6603md60599" time="0.014">
  <properties/>
  <testcase name="appHasAGreeting()" classname="test.AppTest" time="0.014"/>
  <system-out><![CDATA[]]></system-out>
  <system-err><![CDATA[]]></system-err>
</testsuite>
